2018-10-24 13:29:30,317 ERROR org.springframework.boot.context.logging.LoggingApplicationListener [main] Cannot set level: INFO   for 'org.hibernate.type.descriptor.sql.BasicBinder'
2018-10-24 13:29:30,379 INFO org.springframework.boot.StartupInfoLogger [main] Starting DemoApplication on DESKTOP-BFFC9PR with PID 21596 (C:\Users\chris\git\test\demo\bin\main started by chris in C:\Users\chris\git\test\demo)
2018-10-24 13:29:30,379 INFO org.springframework.boot.SpringApplication [main] The following profiles are active: prod
2018-10-24 13:29:30,395 INFO org.springframework.context.support.AbstractApplicationContext [main] Refreshing org.springframework.boot.web.servlet.context.AnnotationConfigServletWebServerApplicationContext@60df60da: startup date [Wed Oct 24 13:29:30 CEST 2018]; root of context hierarchy
2018-10-24 13:29:31,019 INFO org.springframework.context.support.PostProcessorRegistrationDelegate$BeanPostProcessorChecker [main] Bean 'org.springframework.transaction.annotation.ProxyTransactionManagementConfiguration' of type [org.springframework.transaction.annotation.ProxyTransactionManagementConfiguration$$EnhancerBySpringCGLIB$$a1daff6f] is not eligible for getting processed by all BeanPostProcessors (for example: not eligible for auto-proxying)
2018-10-24 13:29:31,249 INFO org.springframework.boot.web.embedded.tomcat.TomcatWebServer [main] Tomcat initialized with port(s): 8080 (http)
2018-10-24 13:29:31,259 INFO org.apache.juli.logging.DirectJDKLog [main] Initializing ProtocolHandler ["http-nio-8080"]
2018-10-24 13:29:31,265 INFO org.apache.juli.logging.DirectJDKLog [main] Starting service [Tomcat]
2018-10-24 13:29:31,266 INFO org.apache.juli.logging.DirectJDKLog [main] Starting Servlet Engine: Apache Tomcat/8.5.34
2018-10-24 13:29:31,269 INFO org.apache.juli.logging.DirectJDKLog [localhost-startStop-1] The APR based Apache Tomcat Native library which allows optimal performance in production environments was not found on the java.library.path: [C:\Program Files\Java\jdk1.8.0_181\bin;C:\Windows\Sun\Java\bin;C:\Windows\system32;C:\Windows;C:\Program Files\Java\jdk1.8.0_181\jre\bin;C:\Program Files (x86)\Common Files\Oracle\Java\javapath;C:\Program Files (x86)\Intel\Intel(R) Management Engine Components\iCLS\;C:\Program Files\Intel\Intel(R) Management Engine Components\iCLS\;C:\Windows\system32;C:\Windows;C:\Windows\System32\Wbem;C:\Windows\System32\WindowsPowerShell\v1.0\;C:\Windows\System32\OpenSSH\;C:\Program Files (x86)\Intel\Intel(R) Management Engine Components\DAL;C:\Program Files\Intel\Intel(R) Management Engine Components\DAL;C:\Program Files (x86)\Intel\Intel(R) Management Engine Components\IPT;C:\Program Files\Intel\Intel(R) Management Engine Components\IPT;C:\Program Files (x86)\NVIDIA Corporation\PhysX\Common;C:\Program Files\Git\cmd;C:\Program Files\MySQL\MySQL Utilities 1.6\;C:\Users\chris\AppData\Local\Microsoft\WindowsApps;C:\Users\chris\AppData\Local\GitHubDesktop\bin;.]
2018-10-24 13:29:31,333 INFO org.apache.juli.logging.DirectJDKLog [localhost-startStop-1] Initializing Spring embedded WebApplicationContext
2018-10-24 13:29:31,333 INFO org.springframework.boot.web.servlet.context.ServletWebServerApplicationContext [localhost-startStop-1] Root WebApplicationContext: initialization completed in 938 ms
2018-10-24 13:29:31,379 INFO org.springframework.boot.web.servlet.ServletRegistrationBean [localhost-startStop-1] Servlet dispatcherServlet mapped to [/]
2018-10-24 13:29:31,379 INFO org.springframework.boot.web.servlet.AbstractFilterRegistrationBean [localhost-startStop-1] Mapping filter: 'characterEncodingFilter' to: [/*]
2018-10-24 13:29:31,379 INFO org.springframework.boot.web.servlet.AbstractFilterRegistrationBean [localhost-startStop-1] Mapping filter: 'hiddenHttpMethodFilter' to: [/*]
2018-10-24 13:29:31,379 INFO org.springframework.boot.web.servlet.AbstractFilterRegistrationBean [localhost-startStop-1] Mapping filter: 'httpPutFormContentFilter' to: [/*]
2018-10-24 13:29:31,379 INFO org.springframework.boot.web.servlet.AbstractFilterRegistrationBean [localhost-startStop-1] Mapping filter: 'requestContextFilter' to: [/*]
2018-10-24 13:29:31,488 INFO com.zaxxer.hikari.HikariDataSource [main] HikariPool-1 - Starting...
2018-10-24 13:29:31,603 INFO com.zaxxer.hikari.HikariDataSource [main] HikariPool-1 - Start completed.
2018-10-24 13:29:31,666 INFO org.springframework.orm.jpa.LocalContainerEntityManagerFactoryBean [main] Building JPA container EntityManagerFactory for persistence unit 'default'
2018-10-24 13:29:31,666 INFO org.hibernate.jpa.internal.util.LogHelper [main] HHH000204: Processing PersistenceUnitInfo [
	name: default
	...]
2018-10-24 13:29:31,712 INFO org.hibernate.Version [main] HHH000412: Hibernate Core {5.2.17.Final}
2018-10-24 13:29:31,712 INFO org.hibernate.cfg.Environment [main] HHH000206: hibernate.properties not found
2018-10-24 13:29:31,753 INFO org.hibernate.annotations.common.reflection.java.JavaReflectionManager [main] HCANN000001: Hibernate Commons Annotations {5.0.1.Final}
2018-10-24 13:29:31,818 INFO org.hibernate.dialect.Dialect [main] HHH000400: Using dialect: org.hibernate.dialect.MySQL55Dialect
2018-10-24 13:29:32,162 INFO org.springframework.orm.jpa.AbstractEntityManagerFactoryBean [main] Initialized JPA EntityManagerFactory for persistence unit 'default'
2018-10-24 13:29:32,410 INFO org.springframework.web.servlet.handler.AbstractUrlHandlerMapping [main] Mapped URL path [/**/favicon.ico] onto handler of type [class org.springframework.web.servlet.resource.ResourceHttpRequestHandler]
2018-10-24 13:29:32,582 INFO org.springframework.web.servlet.mvc.method.annotation.RequestMappingHandlerAdapter [main] Looking for @ControllerAdvice: org.springframework.boot.web.servlet.context.AnnotationConfigServletWebServerApplicationContext@60df60da: startup date [Wed Oct 24 13:29:30 CEST 2018]; root of context hierarchy
2018-10-24 13:29:32,598 WARN org.springframework.boot.autoconfigure.orm.jpa.JpaBaseConfiguration$JpaWebConfiguration$JpaWebMvcConfiguration [main] spring.jpa.open-in-view is enabled by default. Therefore, database queries may be performed during view rendering. Explicitly configure spring.jpa.open-in-view to disable this warning
2018-10-24 13:29:32,613 INFO org.springframework.web.servlet.handler.AbstractHandlerMethodMapping$MappingRegistry [main] Mapped "{[/api/renameMachine],methods=[GET]}" onto public org.springframework.http.ResponseEntity<java.lang.Void> com.example.demo.MonitorController.renameMachine(java.lang.String,java.lang.String)
2018-10-24 13:29:32,613 INFO org.springframework.web.servlet.handler.AbstractHandlerMethodMapping$MappingRegistry [main] Mapped "{[/api/addMachine],methods=[GET]}" onto public org.springframework.http.ResponseEntity<java.lang.Void> com.example.demo.MonitorController.addMachine(java.lang.String,java.lang.String,java.lang.Integer,java.lang.Integer)
2018-10-24 13:29:32,613 INFO org.springframework.web.servlet.handler.AbstractHandlerMethodMapping$MappingRegistry [main] Mapped "{[/api/stats/],methods=[GET],produces=[application/json]}" onto public org.springframework.http.ResponseEntity<com.example.demo.types.StatisticsResponse> com.example.demo.MonitorController.getWeekDetails(java.lang.Integer,java.lang.Integer)
2018-10-24 13:29:32,613 INFO org.springframework.web.servlet.handler.AbstractHandlerMethodMapping$MappingRegistry [main] Mapped "{[/error]}" onto public org.springframework.http.ResponseEntity<java.util.Map<java.lang.String, java.lang.Object>> org.springframework.boot.autoconfigure.web.servlet.error.BasicErrorController.error(javax.servlet.http.HttpServletRequest)
2018-10-24 13:29:32,613 INFO org.springframework.web.servlet.handler.AbstractHandlerMethodMapping$MappingRegistry [main] Mapped "{[/error],produces=[text/html]}" onto public org.springframework.web.servlet.ModelAndView org.springframework.boot.autoconfigure.web.servlet.error.BasicErrorController.errorHtml(javax.servlet.http.HttpServletRequest,javax.servlet.http.HttpServletResponse)
2018-10-24 13:29:32,645 INFO org.springframework.web.servlet.handler.AbstractUrlHandlerMapping [main] Mapped URL path [/webjars/**] onto handler of type [class org.springframework.web.servlet.resource.ResourceHttpRequestHandler]
2018-10-24 13:29:32,645 INFO org.springframework.web.servlet.handler.AbstractUrlHandlerMapping [main] Mapped URL path [/**] onto handler of type [class org.springframework.web.servlet.resource.ResourceHttpRequestHandler]
2018-10-24 13:29:32,737 INFO org.springframework.boot.autoconfigure.web.servlet.WelcomePageHandlerMapping [main] Adding welcome page template: index
2018-10-24 13:29:32,881 INFO org.springframework.jmx.export.MBeanExporter [main] Registering beans for JMX exposure on startup
2018-10-24 13:29:32,881 INFO org.springframework.jmx.export.MBeanExporter [main] Bean with name 'dataSource' has been autodetected for JMX exposure
2018-10-24 13:29:32,881 INFO org.springframework.jmx.export.MBeanExporter [main] Located MBean 'dataSource': registering with JMX server as MBean [com.zaxxer.hikari:name=dataSource,type=HikariDataSource]
2018-10-24 13:29:32,881 INFO org.apache.juli.logging.DirectJDKLog [main] Starting ProtocolHandler ["http-nio-8080"]
2018-10-24 13:29:32,897 INFO org.apache.juli.logging.DirectJDKLog [main] Using a shared selector for servlet write/read
2018-10-24 13:29:32,912 INFO org.springframework.boot.web.embedded.tomcat.TomcatWebServer [main] Tomcat started on port(s): 8080 (http) with context path ''
2018-10-24 13:29:32,912 INFO org.springframework.boot.StartupInfoLogger [main] Started DemoApplication in 2.816 seconds (JVM running for 3.272)
2018-10-24 13:30:42,298 INFO org.apache.juli.logging.DirectJDKLog [http-nio-8080-exec-1] Initializing Spring FrameworkServlet 'dispatcherServlet'
2018-10-24 13:30:42,299 INFO org.springframework.web.servlet.FrameworkServlet [http-nio-8080-exec-1] FrameworkServlet 'dispatcherServlet': initialization started
2018-10-24 13:30:42,312 INFO org.springframework.web.servlet.FrameworkServlet [http-nio-8080-exec-1] FrameworkServlet 'dispatcherServlet': initialization completed in 13 ms
2018-10-24 13:30:42,718 INFO org.hibernate.hql.internal.QueryTranslatorFactoryInitiator [http-nio-8080-exec-3] HHH000397: Using ASTQueryTranslatorFactory
2018-10-24 13:37:41,662 ERROR org.springframework.boot.context.logging.LoggingApplicationListener [main] Cannot set level: INFO   for 'org.hibernate.type.descriptor.sql.BasicBinder'
2018-10-24 13:37:41,724 INFO org.springframework.boot.StartupInfoLogger [main] Starting DemoApplication on DESKTOP-BFFC9PR with PID 33256 (C:\Users\chris\git\test\demo\bin\main started by chris in C:\Users\chris\git\test\demo)
2018-10-24 13:37:41,724 INFO org.springframework.boot.SpringApplication [main] The following profiles are active: prod
2018-10-24 13:37:41,755 INFO org.springframework.context.support.AbstractApplicationContext [main] Refreshing org.springframework.boot.web.servlet.context.AnnotationConfigServletWebServerApplicationContext@1458ed9c: startup date [Wed Oct 24 13:37:41 CEST 2018]; root of context hierarchy
2018-10-24 13:37:42,368 INFO org.springframework.context.support.PostProcessorRegistrationDelegate$BeanPostProcessorChecker [main] Bean 'org.springframework.transaction.annotation.ProxyTransactionManagementConfiguration' of type [org.springframework.transaction.annotation.ProxyTransactionManagementConfiguration$$EnhancerBySpringCGLIB$$d6188b2b] is not eligible for getting processed by all BeanPostProcessors (for example: not eligible for auto-proxying)
2018-10-24 13:37:42,605 INFO org.springframework.boot.web.embedded.tomcat.TomcatWebServer [main] Tomcat initialized with port(s): 8080 (http)
2018-10-24 13:37:42,620 INFO org.apache.juli.logging.DirectJDKLog [main] Initializing ProtocolHandler ["http-nio-8080"]
2018-10-24 13:37:42,620 INFO org.apache.juli.logging.DirectJDKLog [main] Starting service [Tomcat]
2018-10-24 13:37:42,620 INFO org.apache.juli.logging.DirectJDKLog [main] Starting Servlet Engine: Apache Tomcat/8.5.34
2018-10-24 13:37:42,636 INFO org.apache.juli.logging.DirectJDKLog [localhost-startStop-1] The APR based Apache Tomcat Native library which allows optimal performance in production environments was not found on the java.library.path: [C:\Program Files\Java\jdk1.8.0_181\bin;C:\Windows\Sun\Java\bin;C:\Windows\system32;C:\Windows;C:\Program Files\Java\jdk1.8.0_181\jre\bin;C:\Program Files (x86)\Common Files\Oracle\Java\javapath;C:\Program Files (x86)\Intel\Intel(R) Management Engine Components\iCLS\;C:\Program Files\Intel\Intel(R) Management Engine Components\iCLS\;C:\Windows\system32;C:\Windows;C:\Windows\System32\Wbem;C:\Windows\System32\WindowsPowerShell\v1.0\;C:\Windows\System32\OpenSSH\;C:\Program Files (x86)\Intel\Intel(R) Management Engine Components\DAL;C:\Program Files\Intel\Intel(R) Management Engine Components\DAL;C:\Program Files (x86)\Intel\Intel(R) Management Engine Components\IPT;C:\Program Files\Intel\Intel(R) Management Engine Components\IPT;C:\Program Files (x86)\NVIDIA Corporation\PhysX\Common;C:\Program Files\Git\cmd;C:\Program Files\MySQL\MySQL Utilities 1.6\;C:\Users\chris\AppData\Local\Microsoft\WindowsApps;C:\Users\chris\AppData\Local\GitHubDesktop\bin;.]
2018-10-24 13:37:42,698 INFO org.apache.juli.logging.DirectJDKLog [localhost-startStop-1] Initializing Spring embedded WebApplicationContext
2018-10-24 13:37:42,698 INFO org.springframework.boot.web.servlet.context.ServletWebServerApplicationContext [localhost-startStop-1] Root WebApplicationContext: initialization completed in 943 ms
2018-10-24 13:37:42,745 INFO org.springframework.boot.web.servlet.ServletRegistrationBean [localhost-startStop-1] Servlet dispatcherServlet mapped to [/]
2018-10-24 13:37:42,745 INFO org.springframework.boot.web.servlet.AbstractFilterRegistrationBean [localhost-startStop-1] Mapping filter: 'characterEncodingFilter' to: [/*]
2018-10-24 13:37:42,745 INFO org.springframework.boot.web.servlet.AbstractFilterRegistrationBean [localhost-startStop-1] Mapping filter: 'hiddenHttpMethodFilter' to: [/*]
2018-10-24 13:37:42,745 INFO org.springframework.boot.web.servlet.AbstractFilterRegistrationBean [localhost-startStop-1] Mapping filter: 'httpPutFormContentFilter' to: [/*]
2018-10-24 13:37:42,745 INFO org.springframework.boot.web.servlet.AbstractFilterRegistrationBean [localhost-startStop-1] Mapping filter: 'requestContextFilter' to: [/*]
2018-10-24 13:37:42,837 INFO com.zaxxer.hikari.HikariDataSource [main] HikariPool-1 - Starting...
2018-10-24 13:37:42,947 INFO com.zaxxer.hikari.HikariDataSource [main] HikariPool-1 - Start completed.
2018-10-24 13:37:43,025 INFO org.springframework.orm.jpa.LocalContainerEntityManagerFactoryBean [main] Building JPA container EntityManagerFactory for persistence unit 'default'
2018-10-24 13:37:43,025 INFO org.hibernate.jpa.internal.util.LogHelper [main] HHH000204: Processing PersistenceUnitInfo [
	name: default
	...]
2018-10-24 13:37:43,072 INFO org.hibernate.Version [main] HHH000412: Hibernate Core {5.2.17.Final}
2018-10-24 13:37:43,087 INFO org.hibernate.cfg.Environment [main] HHH000206: hibernate.properties not found
2018-10-24 13:37:43,118 INFO org.hibernate.annotations.common.reflection.java.JavaReflectionManager [main] HCANN000001: Hibernate Commons Annotations {5.0.1.Final}
2018-10-24 13:37:43,197 INFO org.hibernate.dialect.Dialect [main] HHH000400: Using dialect: org.hibernate.dialect.MySQL55Dialect
2018-10-24 13:37:43,528 INFO org.springframework.orm.jpa.AbstractEntityManagerFactoryBean [main] Initialized JPA EntityManagerFactory for persistence unit 'default'
2018-10-24 13:37:43,808 INFO org.springframework.web.servlet.handler.AbstractUrlHandlerMapping [main] Mapped URL path [/**/favicon.ico] onto handler of type [class org.springframework.web.servlet.resource.ResourceHttpRequestHandler]
2018-10-24 13:37:43,964 INFO org.springframework.web.servlet.mvc.method.annotation.RequestMappingHandlerAdapter [main] Looking for @ControllerAdvice: org.springframework.boot.web.servlet.context.AnnotationConfigServletWebServerApplicationContext@1458ed9c: startup date [Wed Oct 24 13:37:41 CEST 2018]; root of context hierarchy
2018-10-24 13:37:43,980 WARN org.springframework.boot.autoconfigure.orm.jpa.JpaBaseConfiguration$JpaWebConfiguration$JpaWebMvcConfiguration [main] spring.jpa.open-in-view is enabled by default. Therefore, database queries may be performed during view rendering. Explicitly configure spring.jpa.open-in-view to disable this warning
2018-10-24 13:37:44,011 INFO org.springframework.web.servlet.handler.AbstractHandlerMethodMapping$MappingRegistry [main] Mapped "{[/api/stats/],methods=[GET],produces=[application/json]}" onto public org.springframework.http.ResponseEntity<com.example.demo.types.StatisticsResponse> com.example.demo.MonitorController.getWeekDetails(java.lang.Integer,java.lang.Integer)
2018-10-24 13:37:44,011 INFO org.springframework.web.servlet.handler.AbstractHandlerMethodMapping$MappingRegistry [main] Mapped "{[/api/renameMachine],methods=[GET]}" onto public org.springframework.http.ResponseEntity<java.lang.Void> com.example.demo.MonitorController.renameMachine(java.lang.String,java.lang.String)
2018-10-24 13:37:44,011 INFO org.springframework.web.servlet.handler.AbstractHandlerMethodMapping$MappingRegistry [main] Mapped "{[/api/addMachine],methods=[GET]}" onto public org.springframework.http.ResponseEntity<java.lang.Void> com.example.demo.MonitorController.addMachine(java.lang.String,java.lang.String,java.lang.Integer,java.lang.Integer)
2018-10-24 13:37:44,011 INFO org.springframework.web.servlet.handler.AbstractHandlerMethodMapping$MappingRegistry [main] Mapped "{[/error]}" onto public org.springframework.http.ResponseEntity<java.util.Map<java.lang.String, java.lang.Object>> org.springframework.boot.autoconfigure.web.servlet.error.BasicErrorController.error(javax.servlet.http.HttpServletRequest)
2018-10-24 13:37:44,011 INFO org.springframework.web.servlet.handler.AbstractHandlerMethodMapping$MappingRegistry [main] Mapped "{[/error],produces=[text/html]}" onto public org.springframework.web.servlet.ModelAndView org.springframework.boot.autoconfigure.web.servlet.error.BasicErrorController.errorHtml(javax.servlet.http.HttpServletRequest,javax.servlet.http.HttpServletResponse)
2018-10-24 13:37:44,042 INFO org.springframework.web.servlet.handler.AbstractUrlHandlerMapping [main] Mapped URL path [/webjars/**] onto handler of type [class org.springframework.web.servlet.resource.ResourceHttpRequestHandler]
2018-10-24 13:37:44,042 INFO org.springframework.web.servlet.handler.AbstractUrlHandlerMapping [main] Mapped URL path [/**] onto handler of type [class org.springframework.web.servlet.resource.ResourceHttpRequestHandler]
2018-10-24 13:37:44,121 INFO org.springframework.boot.autoconfigure.web.servlet.WelcomePageHandlerMapping [main] Adding welcome page template: index
2018-10-24 13:37:44,292 INFO org.springframework.jmx.export.MBeanExporter [main] Registering beans for JMX exposure on startup
2018-10-24 13:37:44,292 INFO org.springframework.jmx.export.MBeanExporter [main] Bean with name 'dataSource' has been autodetected for JMX exposure
2018-10-24 13:37:44,292 INFO org.springframework.jmx.export.MBeanExporter [main] Located MBean 'dataSource': registering with JMX server as MBean [com.zaxxer.hikari:name=dataSource,type=HikariDataSource]
2018-10-24 13:37:44,292 INFO org.apache.juli.logging.DirectJDKLog [main] Starting ProtocolHandler ["http-nio-8080"]
2018-10-24 13:37:44,308 INFO org.apache.juli.logging.DirectJDKLog [main] Using a shared selector for servlet write/read
2018-10-24 13:37:44,325 INFO org.springframework.boot.web.embedded.tomcat.TomcatWebServer [main] Tomcat started on port(s): 8080 (http) with context path ''
2018-10-24 13:37:44,328 INFO org.springframework.boot.StartupInfoLogger [main] Started DemoApplication in 2.884 seconds (JVM running for 3.339)
2018-10-24 13:37:51,390 INFO org.apache.juli.logging.DirectJDKLog [http-nio-8080-exec-1] Initializing Spring FrameworkServlet 'dispatcherServlet'
2018-10-24 13:37:51,390 INFO org.springframework.web.servlet.FrameworkServlet [http-nio-8080-exec-1] FrameworkServlet 'dispatcherServlet': initialization started
2018-10-24 13:37:51,403 INFO org.springframework.web.servlet.FrameworkServlet [http-nio-8080-exec-1] FrameworkServlet 'dispatcherServlet': initialization completed in 13 ms
2018-10-24 13:37:51,795 INFO org.hibernate.hql.internal.QueryTranslatorFactoryInitiator [http-nio-8080-exec-4] HHH000397: Using ASTQueryTranslatorFactory
2018-10-24 13:37:57,747 INFO com.example.demo.service.MonitorServiceImpl [http-nio-8080-exec-5] Machine with id: 2 changed name from 'Sockset' to 'Socksett'
2018-10-24 13:38:35,125 INFO com.example.demo.service.MonitorServiceImpl [http-nio-8080-exec-9] Machine with id: 2 changed name from 'Socksett' to 'Sockset'
2018-10-24 13:39:08,165 INFO com.example.demo.service.MonitorServiceImpl [http-nio-8080-exec-3] Machine with id: 2 changed name from 'Sockset' to 'Sock set'
2018-10-24 13:39:24,482 ERROR com.example.demo.MonitorController [http-nio-8080-exec-5] Machine not found: Sockset
2018-10-24 13:40:03,620 INFO com.example.demo.service.MonitorServiceImpl [http-nio-8080-exec-9] Machine with id: 2 changed name from 'Sock set' to 'Sockset'
2018-10-24 13:41:02,711 INFO org.springframework.boot.admin.SpringApplicationAdminMXBeanRegistrar$SpringApplicationAdmin [RMI TCP Connection(14)-127.0.0.1] Application shutdown requested.
2018-10-24 13:41:02,711 INFO org.springframework.context.support.AbstractApplicationContext [RMI TCP Connection(14)-127.0.0.1] Closing org.springframework.boot.web.servlet.context.AnnotationConfigServletWebServerApplicationContext@1458ed9c: startup date [Wed Oct 24 13:37:41 CEST 2018]; root of context hierarchy
2018-10-24 13:41:02,713 INFO org.springframework.jmx.export.MBeanExporter [RMI TCP Connection(14)-127.0.0.1] Unregistering JMX-exposed beans on shutdown
2018-10-24 13:41:02,714 INFO org.springframework.jmx.support.MBeanRegistrationSupport [RMI TCP Connection(14)-127.0.0.1] Unregistering JMX-exposed beans
2018-10-24 13:41:02,715 INFO org.springframework.orm.jpa.AbstractEntityManagerFactoryBean [RMI TCP Connection(14)-127.0.0.1] Closing JPA EntityManagerFactory for persistence unit 'default'
2018-10-24 13:41:02,716 INFO com.zaxxer.hikari.HikariDataSource [RMI TCP Connection(14)-127.0.0.1] HikariPool-1 - Shutdown initiated...
2018-10-24 13:41:02,718 INFO com.zaxxer.hikari.HikariDataSource [RMI TCP Connection(14)-127.0.0.1] HikariPool-1 - Shutdown completed.
2018-10-24 13:41:06,126 ERROR org.springframework.boot.context.logging.LoggingApplicationListener [main] Cannot set level: INFO   for 'org.hibernate.type.descriptor.sql.BasicBinder'
2018-10-24 13:41:06,180 INFO org.springframework.boot.StartupInfoLogger [main] Starting DemoApplication on DESKTOP-BFFC9PR with PID 32864 (C:\Users\chris\git\test\demo\bin\main started by chris in C:\Users\chris\git\test\demo)
2018-10-24 13:41:06,181 INFO org.springframework.boot.SpringApplication [main] The following profiles are active: prod
2018-10-24 13:41:06,210 INFO org.springframework.context.support.AbstractApplicationContext [main] Refreshing org.springframework.boot.web.servlet.context.AnnotationConfigServletWebServerApplicationContext@1800a575: startup date [Wed Oct 24 13:41:06 CEST 2018]; root of context hierarchy
2018-10-24 13:41:06,839 INFO org.springframework.context.support.PostProcessorRegistrationDelegate$BeanPostProcessorChecker [main] Bean 'org.springframework.transaction.annotation.ProxyTransactionManagementConfiguration' of type [org.springframework.transaction.annotation.ProxyTransactionManagementConfiguration$$EnhancerBySpringCGLIB$$7ac18b4] is not eligible for getting processed by all BeanPostProcessors (for example: not eligible for auto-proxying)
2018-10-24 13:41:07,077 INFO org.springframework.boot.web.embedded.tomcat.TomcatWebServer [main] Tomcat initialized with port(s): 8080 (http)
2018-10-24 13:41:07,087 INFO org.apache.juli.logging.DirectJDKLog [main] Initializing ProtocolHandler ["http-nio-8080"]
2018-10-24 13:41:07,093 INFO org.apache.juli.logging.DirectJDKLog [main] Starting service [Tomcat]
2018-10-24 13:41:07,094 INFO org.apache.juli.logging.DirectJDKLog [main] Starting Servlet Engine: Apache Tomcat/8.5.34
2018-10-24 13:41:07,097 INFO org.apache.juli.logging.DirectJDKLog [localhost-startStop-1] The APR based Apache Tomcat Native library which allows optimal performance in production environments was not found on the java.library.path: [C:\Program Files\Java\jdk1.8.0_181\bin;C:\Windows\Sun\Java\bin;C:\Windows\system32;C:\Windows;C:\Program Files\Java\jdk1.8.0_181\jre\bin;C:\Program Files (x86)\Common Files\Oracle\Java\javapath;C:\Program Files (x86)\Intel\Intel(R) Management Engine Components\iCLS\;C:\Program Files\Intel\Intel(R) Management Engine Components\iCLS\;C:\Windows\system32;C:\Windows;C:\Windows\System32\Wbem;C:\Windows\System32\WindowsPowerShell\v1.0\;C:\Windows\System32\OpenSSH\;C:\Program Files (x86)\Intel\Intel(R) Management Engine Components\DAL;C:\Program Files\Intel\Intel(R) Management Engine Components\DAL;C:\Program Files (x86)\Intel\Intel(R) Management Engine Components\IPT;C:\Program Files\Intel\Intel(R) Management Engine Components\IPT;C:\Program Files (x86)\NVIDIA Corporation\PhysX\Common;C:\Program Files\Git\cmd;C:\Program Files\MySQL\MySQL Utilities 1.6\;C:\Users\chris\AppData\Local\Microsoft\WindowsApps;C:\Users\chris\AppData\Local\GitHubDesktop\bin;.]
2018-10-24 13:41:07,164 INFO org.apache.juli.logging.DirectJDKLog [localhost-startStop-1] Initializing Spring embedded WebApplicationContext
2018-10-24 13:41:07,165 INFO org.springframework.boot.web.servlet.context.ServletWebServerApplicationContext [localhost-startStop-1] Root WebApplicationContext: initialization completed in 955 ms
2018-10-24 13:41:07,214 INFO org.springframework.boot.web.servlet.ServletRegistrationBean [localhost-startStop-1] Servlet dispatcherServlet mapped to [/]
2018-10-24 13:41:07,217 INFO org.springframework.boot.web.servlet.AbstractFilterRegistrationBean [localhost-startStop-1] Mapping filter: 'characterEncodingFilter' to: [/*]
2018-10-24 13:41:07,217 INFO org.springframework.boot.web.servlet.AbstractFilterRegistrationBean [localhost-startStop-1] Mapping filter: 'hiddenHttpMethodFilter' to: [/*]
2018-10-24 13:41:07,217 INFO org.springframework.boot.web.servlet.AbstractFilterRegistrationBean [localhost-startStop-1] Mapping filter: 'httpPutFormContentFilter' to: [/*]
2018-10-24 13:41:07,218 INFO org.springframework.boot.web.servlet.AbstractFilterRegistrationBean [localhost-startStop-1] Mapping filter: 'requestContextFilter' to: [/*]
2018-10-24 13:41:07,326 INFO com.zaxxer.hikari.HikariDataSource [main] HikariPool-1 - Starting...
2018-10-24 13:41:07,446 INFO com.zaxxer.hikari.HikariDataSource [main] HikariPool-1 - Start completed.
2018-10-24 13:41:07,515 INFO org.springframework.orm.jpa.LocalContainerEntityManagerFactoryBean [main] Building JPA container EntityManagerFactory for persistence unit 'default'
2018-10-24 13:41:07,525 INFO org.hibernate.jpa.internal.util.LogHelper [main] HHH000204: Processing PersistenceUnitInfo [
	name: default
	...]
2018-10-24 13:41:07,577 INFO org.hibernate.Version [main] HHH000412: Hibernate Core {5.2.17.Final}
2018-10-24 13:41:07,578 INFO org.hibernate.cfg.Environment [main] HHH000206: hibernate.properties not found
2018-10-24 13:41:07,606 INFO org.hibernate.annotations.common.reflection.java.JavaReflectionManager [main] HCANN000001: Hibernate Commons Annotations {5.0.1.Final}
2018-10-24 13:41:07,687 INFO org.hibernate.dialect.Dialect [main] HHH000400: Using dialect: org.hibernate.dialect.MySQL55Dialect
2018-10-24 13:41:08,039 INFO org.springframework.orm.jpa.AbstractEntityManagerFactoryBean [main] Initialized JPA EntityManagerFactory for persistence unit 'default'
2018-10-24 13:41:08,315 INFO org.springframework.web.servlet.handler.AbstractUrlHandlerMapping [main] Mapped URL path [/**/favicon.ico] onto handler of type [class org.springframework.web.servlet.resource.ResourceHttpRequestHandler]
2018-10-24 13:41:08,494 INFO org.springframework.web.servlet.mvc.method.annotation.RequestMappingHandlerAdapter [main] Looking for @ControllerAdvice: org.springframework.boot.web.servlet.context.AnnotationConfigServletWebServerApplicationContext@1800a575: startup date [Wed Oct 24 13:41:06 CEST 2018]; root of context hierarchy
2018-10-24 13:41:08,512 WARN org.springframework.boot.autoconfigure.orm.jpa.JpaBaseConfiguration$JpaWebConfiguration$JpaWebMvcConfiguration [main] spring.jpa.open-in-view is enabled by default. Therefore, database queries may be performed during view rendering. Explicitly configure spring.jpa.open-in-view to disable this warning
2018-10-24 13:41:08,537 INFO org.springframework.web.servlet.handler.AbstractHandlerMethodMapping$MappingRegistry [main] Mapped "{[/api/addMachine],methods=[GET]}" onto public org.springframework.http.ResponseEntity<java.lang.Void> com.example.demo.MonitorController.addMachine(java.lang.String,java.lang.String,java.lang.Integer,java.lang.Integer)
2018-10-24 13:41:08,538 INFO org.springframework.web.servlet.handler.AbstractHandlerMethodMapping$MappingRegistry [main] Mapped "{[/api/stats/],methods=[GET],produces=[application/json]}" onto public org.springframework.http.ResponseEntity<com.example.demo.types.StatisticsResponse> com.example.demo.MonitorController.getWeekDetails(java.lang.Integer,java.lang.Integer)
2018-10-24 13:41:08,539 INFO org.springframework.web.servlet.handler.AbstractHandlerMethodMapping$MappingRegistry [main] Mapped "{[/api/renameMachine],methods=[GET]}" onto public org.springframework.http.ResponseEntity<java.lang.Void> com.example.demo.MonitorController.renameMachine(java.lang.String,java.lang.String)
2018-10-24 13:41:08,540 INFO org.springframework.web.servlet.handler.AbstractHandlerMethodMapping$MappingRegistry [main] Mapped "{[/error]}" onto public org.springframework.http.ResponseEntity<java.util.Map<java.lang.String, java.lang.Object>> org.springframework.boot.autoconfigure.web.servlet.error.BasicErrorController.error(javax.servlet.http.HttpServletRequest)
2018-10-24 13:41:08,540 INFO org.springframework.web.servlet.handler.AbstractHandlerMethodMapping$MappingRegistry [main] Mapped "{[/error],produces=[text/html]}" onto public org.springframework.web.servlet.ModelAndView org.springframework.boot.autoconfigure.web.servlet.error.BasicErrorController.errorHtml(javax.servlet.http.HttpServletRequest,javax.servlet.http.HttpServletResponse)
2018-10-24 13:41:08,564 INFO org.springframework.web.servlet.handler.AbstractUrlHandlerMapping [main] Mapped URL path [/webjars/**] onto handler of type [class org.springframework.web.servlet.resource.ResourceHttpRequestHandler]
2018-10-24 13:41:08,564 INFO org.springframework.web.servlet.handler.AbstractUrlHandlerMapping [main] Mapped URL path [/**] onto handler of type [class org.springframework.web.servlet.resource.ResourceHttpRequestHandler]
2018-10-24 13:41:08,669 INFO org.springframework.boot.autoconfigure.web.servlet.WelcomePageHandlerMapping [main] Adding welcome page template: index
2018-10-24 13:41:08,845 INFO org.springframework.jmx.export.MBeanExporter [main] Registering beans for JMX exposure on startup
2018-10-24 13:41:08,846 INFO org.springframework.jmx.export.MBeanExporter [main] Bean with name 'dataSource' has been autodetected for JMX exposure
2018-10-24 13:41:08,850 INFO org.springframework.jmx.export.MBeanExporter [main] Located MBean 'dataSource': registering with JMX server as MBean [com.zaxxer.hikari:name=dataSource,type=HikariDataSource]
2018-10-24 13:41:08,857 INFO org.apache.juli.logging.DirectJDKLog [main] Starting ProtocolHandler ["http-nio-8080"]
2018-10-24 13:41:08,864 INFO org.apache.juli.logging.DirectJDKLog [main] Using a shared selector for servlet write/read
2018-10-24 13:41:08,875 INFO org.springframework.boot.web.embedded.tomcat.TomcatWebServer [main] Tomcat started on port(s): 8080 (http) with context path ''
2018-10-24 13:41:08,877 INFO org.springframework.boot.StartupInfoLogger [main] Started DemoApplication in 2.986 seconds (JVM running for 3.449)
2018-10-24 13:41:20,189 INFO org.apache.juli.logging.DirectJDKLog [http-nio-8080-exec-1] Initializing Spring FrameworkServlet 'dispatcherServlet'
2018-10-24 13:41:20,189 INFO org.springframework.web.servlet.FrameworkServlet [http-nio-8080-exec-1] FrameworkServlet 'dispatcherServlet': initialization started
2018-10-24 13:41:20,202 INFO org.springframework.web.servlet.FrameworkServlet [http-nio-8080-exec-1] FrameworkServlet 'dispatcherServlet': initialization completed in 12 ms
2018-10-24 13:41:20,603 INFO org.hibernate.hql.internal.QueryTranslatorFactoryInitiator [http-nio-8080-exec-3] HHH000397: Using ASTQueryTranslatorFactory
2018-10-24 13:41:24,656 INFO com.example.demo.service.MonitorServiceImpl [http-nio-8080-exec-5] Machine with id: 2 changed name from 'Sockset' to 'Sock set'
2018-10-24 13:41:31,602 INFO com.example.demo.service.MonitorServiceImpl [http-nio-8080-exec-10] Machine with id: 2 changed name from 'Sock set' to 'Sockset'
2018-10-24 13:50:00,676 ERROR org.springframework.boot.context.logging.LoggingApplicationListener [main] Cannot set level: INFO   for 'org.hibernate.type.descriptor.sql.BasicBinder'
2018-10-24 13:50:01,670 INFO org.springframework.boot.web.servlet.context.ServletWebServerApplicationContext [localhost-startStop-1] Root WebApplicationContext: initialization completed in 916 ms
2018-10-24 13:50:02,738 INFO org.springframework.web.servlet.handler.AbstractUrlHandlerMapping [main] Mapped URL path [/**/favicon.ico] onto handler of type [class org.springframework.web.servlet.resource.ResourceHttpRequestHandler]
2018-10-24 13:50:02,898 INFO org.springframework.web.servlet.mvc.method.annotation.RequestMappingHandlerAdapter [main] Looking for @ControllerAdvice: org.springframework.boot.web.servlet.context.AnnotationConfigServletWebServerApplicationContext@141e5bef: startup date [Wed Oct 24 13:50:00 CEST 2018]; root of context hierarchy
2018-10-24 13:50:02,917 WARN org.springframework.boot.autoconfigure.orm.jpa.JpaBaseConfiguration$JpaWebConfiguration$JpaWebMvcConfiguration [main] spring.jpa.open-in-view is enabled by default. Therefore, database queries may be performed during view rendering. Explicitly configure spring.jpa.open-in-view to disable this warning
2018-10-24 13:50:02,940 INFO org.springframework.web.servlet.handler.AbstractHandlerMethodMapping$MappingRegistry [main] Mapped "{[/api/stats/],methods=[GET],produces=[application/json]}" onto public org.springframework.http.ResponseEntity<com.example.demo.types.StatisticsResponse> com.example.demo.MonitorController.getWeekDetails(java.lang.Integer,java.lang.Integer)
2018-10-24 13:50:02,941 INFO org.springframework.web.servlet.handler.AbstractHandlerMethodMapping$MappingRegistry [main] Mapped "{[/api/addMachine],methods=[GET]}" onto public org.springframework.http.ResponseEntity<java.lang.Void> com.example.demo.MonitorController.addMachine(java.lang.String,java.lang.String,java.lang.Integer,java.lang.Integer)
2018-10-24 13:50:02,941 INFO org.springframework.web.servlet.handler.AbstractHandlerMethodMapping$MappingRegistry [main] Mapped "{[/api/renameMachine],methods=[GET]}" onto public org.springframework.http.ResponseEntity<java.lang.Void> com.example.demo.MonitorController.renameMachine(java.lang.String,java.lang.String)
2018-10-24 13:50:02,943 INFO org.springframework.web.servlet.handler.AbstractHandlerMethodMapping$MappingRegistry [main] Mapped "{[/error]}" onto public org.springframework.http.ResponseEntity<java.util.Map<java.lang.String, java.lang.Object>> org.springframework.boot.autoconfigure.web.servlet.error.BasicErrorController.error(javax.servlet.http.HttpServletRequest)
2018-10-24 13:50:02,943 INFO org.springframework.web.servlet.handler.AbstractHandlerMethodMapping$MappingRegistry [main] Mapped "{[/error],produces=[text/html]}" onto public org.springframework.web.servlet.ModelAndView org.springframework.boot.autoconfigure.web.servlet.error.BasicErrorController.errorHtml(javax.servlet.http.HttpServletRequest,javax.servlet.http.HttpServletResponse)
2018-10-24 13:50:02,965 INFO org.springframework.web.servlet.handler.AbstractUrlHandlerMapping [main] Mapped URL path [/webjars/**] onto handler of type [class org.springframework.web.servlet.resource.ResourceHttpRequestHandler]
2018-10-24 13:50:02,966 INFO org.springframework.web.servlet.handler.AbstractUrlHandlerMapping [main] Mapped URL path [/**] onto handler of type [class org.springframework.web.servlet.resource.ResourceHttpRequestHandler]
2018-10-24 13:50:11,146 INFO org.springframework.web.servlet.FrameworkServlet [http-nio-8080-exec-1] FrameworkServlet 'dispatcherServlet': initialization started
2018-10-24 13:50:11,159 INFO org.springframework.web.servlet.FrameworkServlet [http-nio-8080-exec-1] FrameworkServlet 'dispatcherServlet': initialization completed in 13 ms
2018-10-24 13:50:11,259 ERROR com.example.demo.service.MonitorServiceImpl [http-nio-8080-exec-1] Machine not found: third
2018-10-24 13:50:11,259 ERROR com.example.demo.MonitorController [http-nio-8080-exec-1] Machine not found: third
2018-10-24 13:50:46,786 ERROR com.example.demo.service.MonitorServiceImpl [http-nio-8080-exec-4] Machine not found: third
2018-10-24 13:50:46,787 ERROR com.example.demo.MonitorController [http-nio-8080-exec-4] Machine not found: third
2018-10-24 13:51:03,211 INFO com.example.demo.service.MonitorServiceImpl [http-nio-8080-exec-1] Machine with id: 1 changed name from 'Sockstickning' to 'Sock stickning'
2018-10-24 13:51:46,005 INFO com.example.demo.service.MonitorServiceImpl [http-nio-8080-exec-5] Machine with id: 1 changed name from 'Sock stickning' to 'Sockstickning'
2018-10-24 13:58:06,650 ERROR org.springframework.boot.context.logging.LoggingApplicationListener [main] Cannot set level: INFO   for 'org.hibernate.type.descriptor.sql.BasicBinder'
2018-10-24 13:58:07,629 INFO org.springframework.boot.web.servlet.context.ServletWebServerApplicationContext [localhost-startStop-1] Root WebApplicationContext: initialization completed in 901 ms
2018-10-24 13:58:08,695 INFO org.springframework.web.servlet.handler.AbstractUrlHandlerMapping [main] Mapped URL path [/**/favicon.ico] onto handler of type [class org.springframework.web.servlet.resource.ResourceHttpRequestHandler]
2018-10-24 13:58:08,853 INFO org.springframework.web.servlet.mvc.method.annotation.RequestMappingHandlerAdapter [main] Looking for @ControllerAdvice: org.springframework.boot.web.servlet.context.AnnotationConfigServletWebServerApplicationContext@10a9d961: startup date [Wed Oct 24 13:58:06 CEST 2018]; root of context hierarchy
2018-10-24 13:58:08,871 WARN org.springframework.boot.autoconfigure.orm.jpa.JpaBaseConfiguration$JpaWebConfiguration$JpaWebMvcConfiguration [main] spring.jpa.open-in-view is enabled by default. Therefore, database queries may be performed during view rendering. Explicitly configure spring.jpa.open-in-view to disable this warning
2018-10-24 13:58:08,896 INFO org.springframework.web.servlet.handler.AbstractHandlerMethodMapping$MappingRegistry [main] Mapped "{[/api/stats/],methods=[GET],produces=[application/json]}" onto public org.springframework.http.ResponseEntity<se.woolpower.monitor.types.StatisticsResponse> se.woolpower.monitor.MonitorController.getWeekDetails(java.lang.Integer,java.lang.Integer)
2018-10-24 13:58:08,897 INFO org.springframework.web.servlet.handler.AbstractHandlerMethodMapping$MappingRegistry [main] Mapped "{[/api/addMachine],methods=[GET]}" onto public org.springframework.http.ResponseEntity<java.lang.Void> se.woolpower.monitor.MonitorController.addMachine(java.lang.String,java.lang.String,java.lang.Integer,java.lang.Integer)
2018-10-24 13:58:08,897 INFO org.springframework.web.servlet.handler.AbstractHandlerMethodMapping$MappingRegistry [main] Mapped "{[/api/renameMachine],methods=[GET]}" onto public org.springframework.http.ResponseEntity<java.lang.Void> se.woolpower.monitor.MonitorController.renameMachine(java.lang.String,java.lang.String)
2018-10-24 13:58:08,899 INFO org.springframework.web.servlet.handler.AbstractHandlerMethodMapping$MappingRegistry [main] Mapped "{[/error]}" onto public org.springframework.http.ResponseEntity<java.util.Map<java.lang.String, java.lang.Object>> org.springframework.boot.autoconfigure.web.servlet.error.BasicErrorController.error(javax.servlet.http.HttpServletRequest)
2018-10-24 13:58:08,899 INFO org.springframework.web.servlet.handler.AbstractHandlerMethodMapping$MappingRegistry [main] Mapped "{[/error],produces=[text/html]}" onto public org.springframework.web.servlet.ModelAndView org.springframework.boot.autoconfigure.web.servlet.error.BasicErrorController.errorHtml(javax.servlet.http.HttpServletRequest,javax.servlet.http.HttpServletResponse)
2018-10-24 13:58:08,924 INFO org.springframework.web.servlet.handler.AbstractUrlHandlerMapping [main] Mapped URL path [/webjars/**] onto handler of type [class org.springframework.web.servlet.resource.ResourceHttpRequestHandler]
2018-10-24 13:58:08,925 INFO org.springframework.web.servlet.handler.AbstractUrlHandlerMapping [main] Mapped URL path [/**] onto handler of type [class org.springframework.web.servlet.resource.ResourceHttpRequestHandler]
2018-10-24 13:58:25,869 INFO org.springframework.web.servlet.FrameworkServlet [http-nio-8080-exec-1] FrameworkServlet 'dispatcherServlet': initialization started
2018-10-24 13:58:25,881 INFO org.springframework.web.servlet.FrameworkServlet [http-nio-8080-exec-1] FrameworkServlet 'dispatcherServlet': initialization completed in 12 ms
2018-10-24 14:06:32,787 ERROR org.springframework.boot.context.logging.LoggingApplicationListener [main] Cannot set level: INFO   for 'org.hibernate.type.descriptor.sql.BasicBinder'
2018-10-24 14:06:33,660 INFO org.springframework.boot.web.servlet.context.ServletWebServerApplicationContext [localhost-startStop-1] Root WebApplicationContext: initialization completed in 810 ms
2018-10-24 14:06:34,505 INFO org.springframework.web.servlet.handler.AbstractUrlHandlerMapping [main] Mapped URL path [/**/favicon.ico] onto handler of type [class org.springframework.web.servlet.resource.ResourceHttpRequestHandler]
2018-10-24 14:06:34,630 INFO org.springframework.web.servlet.mvc.method.annotation.RequestMappingHandlerAdapter [main] Looking for @ControllerAdvice: org.springframework.boot.web.servlet.context.AnnotationConfigServletWebServerApplicationContext@10e31a9a: startup date [Wed Oct 24 14:06:32 CEST 2018]; root of context hierarchy
2018-10-24 14:06:34,645 WARN org.springframework.boot.autoconfigure.orm.jpa.JpaBaseConfiguration$JpaWebConfiguration$JpaWebMvcConfiguration [main] spring.jpa.open-in-view is enabled by default. Therefore, database queries may be performed during view rendering. Explicitly configure spring.jpa.open-in-view to disable this warning
2018-10-24 14:06:34,661 INFO org.springframework.web.servlet.handler.AbstractHandlerMethodMapping$MappingRegistry [main] Mapped "{[/api/stats/],methods=[GET],produces=[application/json]}" onto public org.springframework.http.ResponseEntity<se.woolpower.monitor.types.StatisticsResponse> se.woolpower.monitor.MonitorController.getWeekDetails(java.lang.Integer,java.lang.Integer)
2018-10-24 14:06:34,666 INFO org.springframework.web.servlet.handler.AbstractHandlerMethodMapping$MappingRegistry [main] Mapped "{[/api/addMachine],methods=[GET]}" onto public org.springframework.http.ResponseEntity<java.lang.Void> se.woolpower.monitor.MonitorController.addMachine(java.lang.String,java.lang.String,java.lang.Integer,java.lang.Integer)
2018-10-24 14:06:34,666 INFO org.springframework.web.servlet.handler.AbstractHandlerMethodMapping$MappingRegistry [main] Mapped "{[/api/renameMachine],methods=[GET]}" onto public org.springframework.http.ResponseEntity<java.lang.Void> se.woolpower.monitor.MonitorController.renameMachine(java.lang.String,java.lang.String)
2018-10-24 14:06:34,667 INFO org.springframework.web.servlet.handler.AbstractHandlerMethodMapping$MappingRegistry [main] Mapped "{[/error]}" onto public org.springframework.http.ResponseEntity<java.util.Map<java.lang.String, java.lang.Object>> org.springframework.boot.autoconfigure.web.servlet.error.BasicErrorController.error(javax.servlet.http.HttpServletRequest)
2018-10-24 14:06:34,667 INFO org.springframework.web.servlet.handler.AbstractHandlerMethodMapping$MappingRegistry [main] Mapped "{[/error],produces=[text/html]}" onto public org.springframework.web.servlet.ModelAndView org.springframework.boot.autoconfigure.web.servlet.error.BasicErrorController.errorHtml(javax.servlet.http.HttpServletRequest,javax.servlet.http.HttpServletResponse)
2018-10-24 14:06:34,667 INFO org.springframework.web.servlet.handler.AbstractUrlHandlerMapping [main] Mapped URL path [/webjars/**] onto handler of type [class org.springframework.web.servlet.resource.ResourceHttpRequestHandler]
2018-10-24 14:06:34,667 INFO org.springframework.web.servlet.handler.AbstractUrlHandlerMapping [main] Mapped URL path [/**] onto handler of type [class org.springframework.web.servlet.resource.ResourceHttpRequestHandler]
2018-10-24 14:07:57,363 INFO org.springframework.web.servlet.FrameworkServlet [http-nio-8080-exec-1] FrameworkServlet 'dispatcherServlet': initialization started
